Start testing: Oct 14 23:29 UTC
----------------------------------------------------------
1/5 Testing: test_add
1/5 Test: test_add
Command: "/workspace/build/tests/test_add"
Directory: /workspace/build/tests
"test_add" start time: Oct 14 23:29 UTC
Output:
----------------------------------------------------------
<end of output>
Test time =   0.01 sec
----------------------------------------------------------
Test Passed.
"test_add" end time: Oct 14 23:29 UTC
"test_add" time elapsed: 00:00:00
----------------------------------------------------------

2/5 Testing: test_linear_search
2/5 Test: test_linear_search
Command: "/workspace/build/tests/test_linear_search"
Directory: /workspace/build/tests
"test_linear_search" start time: Oct 14 23:29 UTC
Output:
----------------------------------------------------------
test_linear_search: /workspace/tests/test_linear_search.c:11: void test_linear_search(): Assertion `dsalib_linear_search(arr1, 5, 8) == 2' failed.
<end of output>
Test time =   0.12 sec
----------------------------------------------------------
Test Failed.
"test_linear_search" end time: Oct 14 23:29 UTC
"test_linear_search" time elapsed: 00:00:00
----------------------------------------------------------

3/5 Testing: test_binary_search
3/5 Test: test_binary_search
Command: "/workspace/build/tests/test_binary_search"
Directory: /workspace/build/tests
"test_binary_search" start time: Oct 14 23:29 UTC
Output:
----------------------------------------------------------
test_binary_search: /workspace/tests/test_binary_search.c:11: void test_lower_bound(): Assertion `dsalib_lower_bound(arr1, 7, 7) == 3' failed.
<end of output>
Test time =   0.06 sec
----------------------------------------------------------
Test Failed.
"test_binary_search" end time: Oct 14 23:29 UTC
"test_binary_search" time elapsed: 00:00:00
----------------------------------------------------------

4/5 Testing: test_stack
4/5 Test: test_stack
Command: "/workspace/build/tests/test_stack"
Directory: /workspace/build/tests
"test_stack" start time: Oct 14 23:29 UTC
Output:
----------------------------------------------------------
test_stack: /workspace/tests/test_stack.c:11: void test_stack_create_destroy(): Assertion `stack1 != NULL' failed.
<end of output>
Test time =   0.04 sec
----------------------------------------------------------
Test Failed.
"test_stack" end time: Oct 14 23:29 UTC
"test_stack" time elapsed: 00:00:00
----------------------------------------------------------

5/5 Testing: test_queue
5/5 Test: test_queue
Command: "/workspace/build/tests/test_queue"
Directory: /workspace/build/tests
"test_queue" start time: Oct 14 23:29 UTC
Output:
----------------------------------------------------------
<end of output>
Test time =   0.01 sec
----------------------------------------------------------
Test Passed.
"test_queue" end time: Oct 14 23:29 UTC
"test_queue" time elapsed: 00:00:00
----------------------------------------------------------

End testing: Oct 14 23:29 UTC
